<?xml version="1.0" encoding="UTF-8"?>
<!-- Generated by org.testng.reporters.JUnitReportReporter -->
<testsuite hostname="DESKTOP-VCBNVLB" failures="0" tests="6" name="com.RedRose.Testng01.Testng02" time="0.004" errors="0" timestamp="2025-01-16T23:36:06 IST" skipped="0">
  <testcase classname="com.RedRose.Testng01.Testng02" name="fourthGear" time="0.000"/>
  <testcase classname="com.RedRose.Testng01.Testng02" name="firstGear" time="0.001"/>
  <testcase classname="com.RedRose.Testng01.Testng02" name="secondGear" time="0.000"/>
  <testcase classname="com.RedRose.Testng01.Testng02" name="thirdGear" time="0.001"/>
  <testcase classname="com.RedRose.Testng01.Testng02" name="stopCar" time="0.001"/>
  <testcase classname="com.RedRose.Testng01.Testng02" name="startCar" time="0.001"/>
</testsuite> <!-- com.RedRose.Testng01.Testng02 -->
