<?xml version="1.0" encoding="UTF-8"?>
<!-- Generated by org.testng.reporters.JUnitReportReporter -->
<testsuite hostname="DESKTOP-VCBNVLB" failures="0" tests="5" name="com.RedRose.Testng01.TestNG01" time="0.008" errors="0" timestamp="2025-01-16T23:36:06 IST" skipped="0">
  <testcase classname="com.RedRose.Testng01.TestNG01" name="thirdTestCase" time="0.000"/>
  <testcase classname="com.RedRose.Testng01.TestNG01" name="firstTestCase" time="0.001"/>
  <testcase classname="com.RedRose.Testng01.TestNG01" name="secondTestCase" time="0.001"/>
  <testcase classname="com.RedRose.Testng01.TestNG01" name="fifthTestCase" time="0.005"/>
  <testcase classname="com.RedRose.Testng01.TestNG01" name="fourthTestCase" time="0.001"/>
</testsuite> <!-- com.RedRose.Testng01.TestNG01 -->
