<?xml version="1.0" encoding="UTF-8"?>
<!-- Generated by org.testng.reporters.JUnitReportReporter -->
<testsuite hostname="DESKTOP-VCBNVLB" failures="0" tests="1" name="com.RedRose.Testng01.AppTest" time="0.001" errors="0" timestamp="2025-01-16T23:36:06 IST" skipped="0">
  <testcase classname="com.RedRose.Testng01.AppTest" name="testApp" time="0.001"/>
</testsuite> <!-- com.RedRose.Testng01.AppTest -->
