<?xml version="1.0" encoding="UTF-8"?>
<!-- Generated by org.testng.reporters.JUnitReportReporter -->
<testsuite hostname="DESKTOP-VCBNVLB" failures="0" tests="5" name="com.RedRose.Testng01.TestNG01" time="0.010" errors="0" timestamp="2024-11-15T14:36:48 IST" skipped="0">
  <testcase classname="com.RedRose.Testng01.TestNG01" name="fourthTestCase" time="0.003"/>
  <testcase classname="com.RedRose.Testng01.TestNG01" name="secondTestCase" time="0.001"/>
  <testcase classname="com.RedRose.Testng01.TestNG01" name="firstTestCase" time="0.001"/>
  <testcase classname="com.RedRose.Testng01.TestNG01" name="thirdTestCase" time="0.002"/>
  <testcase classname="com.RedRose.Testng01.TestNG01" name="fifthTestCase" time="0.003"/>
</testsuite> <!-- com.RedRose.Testng01.TestNG01 -->
